#
# There is insufficient memory for the Java Runtime Environment to continue.
# Native memory allocation (malloc) failed to allocate 695376 bytes for Chunk::new
# Possible reasons:
#   The system is out of physical RAM or swap space
#   In 32 bit mode, the process size limit was hit
# Possible solutions:
#   Reduce memory load on the system
#   Increase physical memory or swap space
#   Check if swap backing store is full
#   Use 64 bit Java on a 64 bit OS
#   Decrease Java heap size (-Xmx/-Xms)
#   Decrease number of Java threads
#   Decrease Java thread stack sizes (-Xss)
#   Set larger code cache with -XX:ReservedCodeCacheSize=
# This output file may be truncated or incomplete.
#
#  Out of Memory Error (allocation.cpp:390), pid=11132, tid=0x00000000000017a0
#
# JRE version: Java(TM) SE Runtime Environment (8.0_112-b15) (build 1.8.0_112-b15)
# Java VM: Java HotSpot(TM) 64-Bit Server VM (25.112-b15 mixed mode windows-amd64 compressed oops)
# Failed to write core dump. Minidumps are not enabled by default on client versions of Windows
#

---------------  T H R E A D  ---------------

Current thread (0x0000000018c0a000):  JavaThread "C2 CompilerThread1" daemon [_thread_in_native, id=6048, stack(0x00000000190a0000,0x00000000191a0000)]

Stack: [0x00000000190a0000,0x00000000191a0000]
[error occurred during error reporting (printing stack bounds), id 0xc0000005]

Native frames: (J=compiled Java code, j=interpreted, Vv=VM code, C=native code)


Current CompileTask:
C2: 383579 12754       4       com.typesafe.config.impl.ConfigParser$ParseContext::parseObject (739 bytes)


---------------  P R O C E S S  ---------------

Java Threads: ( => current thread )
  0x000000001ed1c800 JavaThread "application-akka.actor.default-dispatcher-3" [_thread_blocked, id=9748, stack(0x000000002f300000,0x000000002f400000)]
  0x000000001ed1b800 JavaThread "application-akka.actor.default-dispatcher-2" [_thread_blocked, id=8068, stack(0x000000002f200000,0x000000002f300000)]
  0x000000001ed18000 JavaThread "application-scheduler-1" [_thread_in_vm_trans, id=3240, stack(0x000000002f100000,0x000000002f200000)]
  0x000000001ed11000 JavaThread "HikariPool-2 housekeeper" daemon [_thread_blocked, id=10456, stack(0x000000002ee00000,0x000000002ef00000)]
  0x000000001ed10800 JavaThread "net.sf.ehcache.CacheManager@1ee2a63c" daemon [_thread_blocked, id=10092, stack(0x000000002ec00000,0x000000002ed00000)]
  0x000000001ed17000 JavaThread "AsyncAppender-Worker-ASYNCSTDOUT" daemon [_thread_blocked, id=10616, stack(0x000000002eb00000,0x000000002ec00000)]
  0x000000001ed0f800 JavaThread "AsyncAppender-Worker-ASYNCFILE" daemon [_thread_blocked, id=5768, stack(0x000000002ea00000,0x000000002eb00000)]
  0x000000001ed16800 JavaThread "application-akka.actor.default-dispatcher-14" [_thread_blocked, id=1660, stack(0x000000002e800000,0x000000002e900000)]
  0x000000001ed14000 JavaThread "application-akka.actor.default-dispatcher-15" [_thread_blocked, id=11172, stack(0x000000002e700000,0x000000002e800000)]
  0x000000001ed0e000 JavaThread "application-akka.actor.default-dispatcher-13" [_thread_blocked, id=10300, stack(0x000000002e600000,0x000000002e700000)]
  0x000000001ed12000 JavaThread "application-akka.actor.default-dispatcher-12" [_thread_blocked, id=204, stack(0x000000002e500000,0x000000002e600000)]
  0x000000001ed15000 JavaThread "application-akka.actor.default-dispatcher-11" [_thread_blocked, id=8572, stack(0x000000002e400000,0x000000002e500000)]
  0x000000001ed13800 JavaThread "application-akka.actor.default-dispatcher-10" [_thread_blocked, id=816, stack(0x000000002e300000,0x000000002e400000)]
  0x000000001ed12800 JavaThread "application-akka.actor.default-dispatcher-9" [_thread_blocked, id=1952, stack(0x000000002e200000,0x000000002e300000)]
  0x000000001ed15800 JavaThread "netty-event-loop-5" [_thread_in_native, id=11036, stack(0x000000002c430000,0x000000002c530000)]
  0x000000001d72a800 JavaThread "netty-event-loop-4" [_thread_blocked, id=3184, stack(0x000000002bc30000,0x000000002bd30000)]
  0x000000001d721800 JavaThread "H2 PG Server (pg://192.168.1.103:5435)" [_thread_in_native, id=4236, stack(0x000000002a360000,0x000000002a460000)]
  0x000000001cfd2800 JavaThread "H2 TCP Server (tcp://192.168.1.103:9092)" [_thread_in_native, id=6404, stack(0x000000002a260000,0x000000002a360000)]
  0x000000001cfd1000 JavaThread "AWT-EventQueue-0" [_thread_blocked, id=6360, stack(0x0000000029470000,0x0000000029570000)]
  0x000000001cfd0000 JavaThread "AWT-Windows" daemon [_thread_in_native, id=2488, stack(0x0000000026670000,0x0000000026770000)]
  0x000000001cfd3000 JavaThread "AWT-Shutdown" [_thread_blocked, id=1108, stack(0x0000000026570000,0x0000000026670000)]
  0x000000001cfd7000 JavaThread "Java2D Disposer" daemon [_thread_blocked, id=6984, stack(0x0000000026470000,0x0000000026570000)]
  0x000000001cfd6800 JavaThread "H2 Console Server (http://192.168.1.103:8082)" [_thread_in_native, id=8340, stack(0x0000000026070000,0x0000000026170000)]
  0x000000001d72b800 JavaThread "application-akka.actor.default-dispatcher-5" [_thread_blocked, id=8216, stack(0x0000000025770000,0x0000000025870000)]
  0x000000001d727800 JavaThread "netty-event-loop-3" [_thread_in_native, id=9008, stack(0x0000000022ca0000,0x0000000022da0000)]
  0x000000001d720000 JavaThread "netty-event-loop-2" [_thread_in_native, id=6244, stack(0x0000000022ba0000,0x0000000022ca0000)]
  0x000000001d721000 JavaThread "play-dev-mode-akka.actor.default-dispatcher-3" [_thread_blocked, id=9048, stack(0x00000000228a0000,0x00000000229a0000)]
  0x000000001d725800 JavaThread "play-dev-mode-scheduler-1" [_thread_blocked, id=9212, stack(0x00000000226a0000,0x00000000227a0000)]
  0x000000001d727000 JavaThread "sbt-play-watch-service" daemon [_thread_blocked, id=9716, stack(0x00000000225a0000,0x00000000226a0000)]
  0x000000001d724800 JavaThread "Thread-1" daemon [_thread_in_native, id=9668, stack(0x00000000224a0000,0x00000000225a0000)]
  0x000000001cfd5800 JavaThread "pool-6-thread-2" [_thread_in_vm, id=9208, stack(0x0000000021fa0000,0x00000000220a0000)]
  0x000000001cfd4800 JavaThread "sbt-web-akka.actor.default-dispatcher-4" [_thread_blocked, id=2792, stack(0x0000000021ca0000,0x0000000021da0000)]
  0x000000001cfd4000 JavaThread "sbt-web-scheduler-1" [_thread_blocked, id=6992, stack(0x00000000219a0000,0x0000000021aa0000)]
  0x0000000018c1a000 JavaThread "Service Thread" daemon [_thread_blocked, id=10380, stack(0x00000000192a0000,0x00000000193a0000)]
  0x0000000018c19000 JavaThread "C1 CompilerThread2" daemon [_thread_blocked, id=3008, stack(0x00000000191a0000,0x00000000192a0000)]
=>0x0000000018c0a000 JavaThread "C2 CompilerThread1" daemon [_thread_in_native, id=6048, stack(0x00000000190a0000,0x00000000191a0000)]
  0x0000000018c08000 JavaThread "C2 CompilerThread0" daemon [_thread_in_native, id=3012, stack(0x0000000018fa0000,0x00000000190a0000)]
  0x0000000017272800 JavaThread "JDWP Command Reader" daemon [_thread_in_native, id=10264, stack(0x0000000018aa0000,0x0000000018ba0000)]
  0x0000000017265800 JavaThread "JDWP Event Helper Thread" daemon [_thread_blocked, id=10336, stack(0x00000000189a0000,0x0000000018aa0000)]
  0x0000000017258800 JavaThread "JDWP Transport Listener: dt_socket" daemon [_thread_blocked, id=3036, stack(0x00000000188a0000,0x00000000189a0000)]
  0x0000000017250800 JavaThread "Attach Listener" daemon [_thread_blocked, id=8212, stack(0x00000000187a0000,0x00000000188a0000)]
  0x000000001724f800 JavaThread "Signal Dispatcher" daemon [_thread_blocked, id=2144, stack(0x00000000186a0000,0x00000000187a0000)]
  0x0000000004b7e000 JavaThread "Finalizer" daemon [_thread_blocked, id=4056, stack(0x00000000184a0000,0x00000000185a0000)]
  0x0000000004b73800 JavaThread "Reference Handler" daemon [_thread_blocked, id=5092, stack(0x00000000183a0000,0x00000000184a0000)]
  0x0000000004a82800 JavaThread "main" [_thread_blocked, id=10764, stack(0x0000000004790000,0x0000000004890000)]

Other Threads:
  0x0000000017218000 VMThread [stack: 0x00000000182a0000,0x00000000183a0000] [id=5856]
  0x0000000018cae000 WatcherThread [stack: 0x00000000193a0000,0x00000000194a0000] [id=6128]

VM state:not at safepoint (normal execution)

VM Mutex/Monitor currently owned by a thread: None

Heap:
 PSYoungGen      total 322048K, used 16835K [0x00000000eab00000, 0x00000000ffd00000, 0x0000000100000000)
  eden space 302080K, 4% used [0x00000000eab00000,0x00000000eb8956f8,0x00000000fd200000)
  from space 19968K, 14% used [0x00000000fe980000,0x00000000fec5b8d0,0x00000000ffd00000)
  to   space 22016K, 0% used [0x00000000fd200000,0x00000000fd200000,0x00000000fe780000)
 ParOldGen       total 502272K, used 74119K [0x00000000c0000000, 0x00000000dea80000, 0x00000000eab00000)
  object space 502272K, 14% used [0x00000000c0000000,0x00000000c4861fb8,0x00000000dea80000)
 Metaspace       used 113903K, capacity 115118K, committed 118060K, reserved 1148928K
  class space    used 18711K, capacity 19048K, committed 19500K, reserved 1048576K

Card table byte_map: [0x0000000013f40000,0x0000000014150000] byte_map_base: 0x0000000013940000

Marking Bits: (ParMarkBitMap*) 0x000000006529a6d0
 Begin Bits: [0x00000000146b0000, 0x00000000156b0000)
 End Bits:   [0x00000000156b0000, 0x00000000166b0000)

Polling page: 0x00000000045d0000

CodeCache: size=245760Kb used=30001Kb max_used=30332Kb free=215758Kb
 bounds [0x0000000004b80000, 0x0000000006950000, 0x0000000013b80000]
 total_blobs=10810 nmethods=10095 adapters=632
 compilation: enabled

Compilation events (10 events):
Event: 383.214 Thread 0x0000000018c19000 12779       3       scala.Option::foreach (19 bytes)
Event: 383.215 Thread 0x0000000018c19000 nmethod 12779 0x00000000052f4290 code [0x00000000052f4420, 0x00000000052f4808]
Event: 383.217 Thread 0x0000000018c19000 12780       3       akka.actor.ActorPath$::isValidChar$1 (52 bytes)
Event: 383.219 Thread 0x0000000018c19000 nmethod 12780 0x00000000052f3b90 code [0x00000000052f3d00, 0x00000000052f41c8]
Event: 383.219 Thread 0x0000000018c19000 12783       3       scala.Predef$::ArrowAssoc (2 bytes)
Event: 383.219 Thread 0x0000000018c19000 nmethod 12783 0x00000000052f3850 code [0x00000000052f39a0, 0x00000000052f3af0]
Event: 383.219 Thread 0x0000000018c19000 12781       3       scala.collection.immutable.List::iterator (5 bytes)
Event: 383.220 Thread 0x0000000018c19000 nmethod 12781 0x00000000052f3090 code [0x00000000052f3220, 0x00000000052f3610]
Event: 383.220 Thread 0x0000000018c19000 12782       3       scala.collection.LinearSeqLike$class::iterator (9 bytes)
Event: 383.221 Thread 0x0000000018c19000 nmethod 12782 0x00000000052f29d0 code [0x00000000052f2b60, 0x00000000052f2ed0]

GC Heap History (10 events):
Event: 346.857 GC heap before
{Heap before GC invocations=61 (full 9):
 PSYoungGen      total 316416K, used 290464K [0x00000000eab00000, 0x0000000100000000, 0x0000000100000000)
  eden space 288256K, 100% used [0x00000000eab00000,0x00000000fc480000,0x00000000fc480000)
  from space 28160K, 7% used [0x00000000fc480000,0x00000000fc6a8070,0x00000000fe000000)
  to   space 27136K, 0% used [0x00000000fe580000,0x00000000fe580000,0x0000000100000000)
 ParOldGen       total 502272K, used 74103K [0x00000000c0000000, 0x00000000dea80000, 0x00000000eab00000)
  object space 502272K, 14% used [0x00000000c0000000,0x00000000c485dfb8,0x00000000dea80000)
 Metaspace       used 113677K, capacity 114922K, committed 118060K, reserved 1148928K
  class space    used 18701K, capacity 19044K, committed 19500K, reserved 1048576K
Event: 346.869 GC heap after
Heap after GC invocations=61 (full 9):
 PSYoungGen      total 317952K, used 2144K [0x00000000eab00000, 0x00000000ffd00000, 0x0000000100000000)
  eden space 293888K, 0% used [0x00000000eab00000,0x00000000eab00000,0x00000000fca00000)
  from space 24064K, 8% used [0x00000000fe580000,0x00000000fe798070,0x00000000ffd00000)
  to   space 26112K, 0% used [0x00000000fca00000,0x00000000fca00000,0x00000000fe380000)
 ParOldGen       total 502272K, used 74111K [0x00000000c0000000, 0x00000000dea80000, 0x00000000eab00000)
  object space 502272K, 14% used [0x00000000c0000000,0x00000000c485ffb8,0x00000000dea80000)
 Metaspace       used 113677K, capacity 114922K, committed 118060K, reserved 1148928K
  class space    used 18701K, capacity 19044K, committed 19500K, reserved 1048576K
}
Event: 353.937 GC heap before
{Heap before GC invocations=62 (full 9):
 PSYoungGen      total 317952K, used 296032K [0x00000000eab00000, 0x00000000ffd00000, 0x0000000100000000)
  eden space 293888K, 100% used [0x00000000eab00000,0x00000000fca00000,0x00000000fca00000)
  from space 24064K, 8% used [0x00000000fe580000,0x00000000fe798070,0x00000000ffd00000)
  to   space 26112K, 0% used [0x00000000fca00000,0x00000000fca00000,0x00000000fe380000)
 ParOldGen       total 502272K, used 74111K [0x00000000c0000000, 0x00000000dea80000, 0x00000000eab00000)
  object space 502272K, 14% used [0x00000000c0000000,0x00000000c485ffb8,0x00000000dea80000)
 Metaspace       used 113677K, capacity 114922K, committed 118060K, reserved 1148928K
  class space    used 18701K, capacity 19044K, committed 19500K, reserved 1048576K
Event: 353.952 GC heap after
Heap after GC invocations=62 (full 9):
 PSYoungGen      total 320000K, used 2144K [0x00000000eab00000, 0x0000000100000000, 0x0000000100000000)
  eden space 293888K, 0% used [0x00000000eab00000,0x00000000eab00000,0x00000000fca00000)
  from space 26112K, 8% used [0x00000000fca00000,0x00000000fcc18070,0x00000000fe380000)
  to   space 25088K, 0% used [0x00000000fe780000,0x00000000fe780000,0x0000000100000000)
 ParOldGen       total 502272K, used 74119K [0x00000000c0000000, 0x00000000dea80000, 0x00000000eab00000)
  object space 502272K, 14% used [0x00000000c0000000,0x00000000c4861fb8,0x00000000dea80000)
 Metaspace       used 113677K, capacity 114922K, committed 118060K, reserved 1148928K
  class space    used 18701K, capacity 19044K, committed 19500K, reserved 1048576K
}
Event: 363.626 GC heap before
{Heap before GC invocations=63 (full 9):
 PSYoungGen      total 320000K, used 296032K [0x00000000eab00000, 0x0000000100000000, 0x0000000100000000)
  eden space 293888K, 100% used [0x00000000eab00000,0x00000000fca00000,0x00000000fca00000)
  from space 26112K, 8% used [0x00000000fca00000,0x00000000fcc18070,0x00000000fe380000)
  to   space 25088K, 0% used [0x00000000fe780000,0x00000000fe780000,0x0000000100000000)
 ParOldGen       total 502272K, used 74119K [0x00000000c0000000, 0x00000000dea80000, 0x00000000eab00000)
  object space 502272K, 14% used [0x00000000c0000000,0x00000000c4861fb8,0x00000000dea80000)
 Metaspace       used 113677K, capacity 114922K, committed 118060K, reserved 1148928K
  class space    used 18701K, capacity 19044K, committed 19500K, reserved 1048576K
Event: 363.639 GC heap after
Heap after GC invocations=63 (full 9):
 PSYoungGen      total 320000K, used 2176K [0x00000000eab00000, 0x00000000ffd00000, 0x0000000100000000)
  eden space 297984K, 0% used [0x00000000eab00000,0x00000000eab00000,0x00000000fce00000)
  from space 22016K, 9% used [0x00000000fe780000,0x00000000fe9a0070,0x00000000ffd00000)
  to   space 24064K, 0% used [0x00000000fce00000,0x00000000fce00000,0x00000000fe580000)
 ParOldGen       total 502272K, used 74119K [0x00000000c0000000, 0x00000000dea80000, 0x00000000eab00000)
  object space 502272K, 14% used [0x00000000c0000000,0x00000000c4861fb8,0x00000000dea80000)
 Metaspace       used 113677K, capacity 114922K, committed 118060K, reserved 1148928K
  class space    used 18701K, capacity 19044K, committed 19500K, reserved 1048576K
}
Event: 373.671 GC heap before
{Heap before GC invocations=64 (full 9):
 PSYoungGen      total 320000K, used 300160K [0x00000000eab00000, 0x00000000ffd00000, 0x0000000100000000)
  eden space 297984K, 100% used [0x00000000eab00000,0x00000000fce00000,0x00000000fce00000)
  from space 22016K, 9% used [0x00000000fe780000,0x00000000fe9a0070,0x00000000ffd00000)
  to   space 24064K, 0% used [0x00000000fce00000,0x00000000fce00000,0x00000000fe580000)
 ParOldGen       total 502272K, used 74119K [0x00000000c0000000, 0x00000000dea80000, 0x00000000eab00000)
  object space 502272K, 14% used [0x00000000c0000000,0x00000000c4861fb8,0x00000000dea80000)
 Metaspace       used 113677K, capacity 114922K, committed 118060K, reserved 1148928K
  class space    used 18701K, capacity 19044K, committed 19500K, reserved 1048576K
Event: 373.686 GC heap after
Heap after GC invocations=64 (full 9):
 PSYoungGen      total 322048K, used 2112K [0x00000000eab00000, 0x0000000100000000, 0x0000000100000000)
  eden space 297984K, 0% used [0x00000000eab00000,0x00000000eab00000,0x00000000fce00000)
  from space 24064K, 8% used [0x00000000fce00000,0x00000000fd010070,0x00000000fe580000)
  to   space 23040K, 0% used [0x00000000fe980000,0x00000000fe980000,0x0000000100000000)
 ParOldGen       total 502272K, used 74119K [0x00000000c0000000, 0x00000000dea80000, 0x00000000eab00000)
  object space 502272K, 14% used [0x00000000c0000000,0x00000000c4861fb8,0x00000000dea80000)
 Metaspace       used 113677K, capacity 114922K, committed 118060K, reserved 1148928K
  class space    used 18701K, capacity 19044K, committed 19500K, reserved 1048576K
}
Event: 383.133 GC heap before
{Heap before GC invocations=65 (full 9):
 PSYoungGen      total 322048K, used 300096K [0x00000000eab00000, 0x0000000100000000, 0x0000000100000000)
  eden space 297984K, 100% used [0x00000000eab00000,0x00000000fce00000,0x00000000fce00000)
  from space 24064K, 8% used [0x00000000fce00000,0x00000000fd010070,0x00000000fe580000)
  to   space 23040K, 0% used [0x00000000fe980000,0x00000000fe980000,0x0000000100000000)
 ParOldGen       total 502272K, used 74119K [0x00000000c0000000, 0x00000000dea80000, 0x00000000eab00000)
  object space 502272K, 14% used [0x00000000c0000000,0x00000000c4861fb8,0x00000000dea80000)
 Metaspace       used 113890K, capacity 115054K, committed 118060K, reserved 1148928K
  class space    used 18711K, capacity 19048K, committed 19500K, reserved 1048576K
Event: 383.155 GC heap after
Heap after GC invocations=65 (full 9):
 PSYoungGen      total 322048K, used 2926K [0x00000000eab00000, 0x00000000ffd00000, 0x0000000100000000)
  eden space 302080K, 0% used [0x00000000eab00000,0x00000000eab00000,0x00000000fd200000)
  from space 19968K, 14% used [0x00000000fe980000,0x00000000fec5b8d0,0x00000000ffd00000)
  to   space 22016K, 0% used [0x00000000fd200000,0x00000000fd200000,0x00000000fe780000)
 ParOldGen       total 502272K, used 74119K [0x00000000c0000000, 0x00000000dea80000, 0x00000000eab00000)
  object space 502272K, 14% used [0x00000000c0000000,0x00000000c4861fb8,0x00000000dea80000)
 Metaspace       used 113890K, capacity 115054K, committed 118060K, reserved 1148928K
  class space    used 18711K, capacity 19048K, committed 19500K, reserved 1048576K
}

Deoptimization events (10 events):
Event: 321.926 Thread 0x0000000004b73800 Uncommon trap: reason=unstable_if action=reinterpret pc=0x0000000004cd7bfc method=java.lang.ref.Reference.tryHandlePending(Z)Z @ 20
Event: 326.131 Thread 0x000000001ed0f800 Uncommon trap: reason=unstable_if action=reinterpret pc=0x00000000064ab298 method=com.typesafe.config.impl.Tokenizer$TokenIterator.startOfComment(I)Z @ 25
Event: 329.268 Thread 0x000000001d729000 Uncommon trap: reason=unstable_if action=reinterpret pc=0x0000000005a547b4 method=akka.actor.LightArrayRevolverScheduler$$anon$4.nextTick()V @ 142
Event: 331.237 Thread 0x000000001d72b800 Uncommon trap: reason=unstable_if action=reinterpret pc=0x0000000006915ce8 method=java.util.HashMap.putVal(ILjava/lang/Object;Ljava/lang/Object;ZZ)Ljava/lang/Object; @ 206
Event: 331.795 Thread 0x000000001d72b800 Uncommon trap: reason=unstable_if action=reinterpret pc=0x0000000006376660 method=org.h2.command.Parser.initialize(Ljava/lang/String;)V @ 1199
Event: 331.797 Thread 0x000000001d72b800 Uncommon trap: reason=unstable_if action=reinterpret pc=0x00000000062d2fb0 method=org.h2.message.TraceSystem.isEnabled(I)Z @ 5
Event: 331.901 Thread 0x000000001ed1b800 Uncommon trap: reason=unstable_if action=reinterpret pc=0x0000000005cd0eec method=org.h2.command.Parser.initialize(Ljava/lang/String;)V @ 1199
Event: 332.057 Thread 0x000000001d72b800 Uncommon trap: reason=unstable_if action=reinterpret pc=0x00000000062930ac method=org.h2.engine.Session.isReconnectNeeded(Z)Z @ 15
Event: 332.059 Thread 0x000000001d72b800 Uncommon trap: reason=unstable_if action=reinterpret pc=0x0000000006291204 method=org.h2.engine.Session.isReconnectNeeded(Z)Z @ 15
Event: 382.637 Thread 0x000000001d72b800 Uncommon trap: reason=unstable_if action=reinterpret pc=0x0000000005d3ec20 method=java.util.regex.Pattern.<init>(Ljava/lang/String;I)V @ 58

Internal exceptions (10 events):
Event: 329.022 Thread 0x000000001d72b800 Exception <a 'java/lang/ArrayIndexOutOfBoundsException': 1> (0x00000000fac9b070) thrown at [C:\re\workspace\8-2-build-windows-amd64-cygwin\jdk8u112\7884\hotspot\src\share\vm\interpreter\interpreterRuntime.cpp, line 366]
Event: 329.022 Thread 0x000000001d72b800 Exception <a 'java/lang/ArrayIndexOutOfBoundsException': 1> (0x00000000fac9f6d0) thrown at [C:\re\workspace\8-2-build-windows-amd64-cygwin\jdk8u112\7884\hotspot\src\share\vm\interpreter\interpreterRuntime.cpp, line 366]
Event: 329.023 Thread 0x000000001d72b800 Exception <a 'java/lang/ArrayIndexOutOfBoundsException': 1> (0x00000000faca3760) thrown at [C:\re\workspace\8-2-build-windows-amd64-cygwin\jdk8u112\7884\hotspot\src\share\vm\interpreter\interpreterRuntime.cpp, line 366]
Event: 329.024 Thread 0x000000001d72b800 Exception <a 'java/lang/ArrayIndexOutOfBoundsException': 1> (0x00000000faca7e78) thrown at [C:\re\workspace\8-2-build-windows-amd64-cygwin\jdk8u112\7884\hotspot\src\share\vm\interpreter\interpreterRuntime.cpp, line 366]
Event: 329.027 Thread 0x000000001d72b800 Exception <a 'java/lang/ArrayIndexOutOfBoundsException': 1> (0x00000000facac370) thrown at [C:\re\workspace\8-2-build-windows-amd64-cygwin\jdk8u112\7884\hotspot\src\share\vm\interpreter\interpreterRuntime.cpp, line 366]
Event: 329.028 Thread 0x000000001d72b800 Exception <a 'java/lang/ArrayIndexOutOfBoundsException': 1> (0x00000000facb0318) thrown at [C:\re\workspace\8-2-build-windows-amd64-cygwin\jdk8u112\7884\hotspot\src\share\vm\interpreter\interpreterRuntime.cpp, line 366]
Event: 329.029 Thread 0x000000001d72b800 Exception <a 'java/lang/ArrayIndexOutOfBoundsException': 1> (0x00000000facb4090) thrown at [C:\re\workspace\8-2-build-windows-amd64-cygwin\jdk8u112\7884\hotspot\src\share\vm\interpreter\interpreterRuntime.cpp, line 366]
Event: 329.031 Thread 0x000000001d72b800 Exception <a 'java/lang/ArrayIndexOutOfBoundsException': 1> (0x00000000facb92c0) thrown at [C:\re\workspace\8-2-build-windows-amd64-cygwin\jdk8u112\7884\hotspot\src\share\vm\interpreter\interpreterRuntime.cpp, line 366]
Event: 329.032 Thread 0x000000001d72b800 Exception <a 'java/lang/ArrayIndexOutOfBoundsException': 1> (0x00000000facbe1d8) thrown at [C:\re\workspace\8-2-build-windows-amd64-cygwin\jdk8u112\7884\hotspot\src\share\vm\interpreter\interpreterRuntime.cpp, line 366]
Event: 329.035 Thread 0x000000001d72b800 Exception <a 'java/lang/ArrayIndexOutOfBoundsException': 1> (0x00000000face2a88) thrown at [C:\re\workspace\8-2-build-windows-amd64-cygwin\jdk8u112\7884\hotspot\src\share\vm\interpreter\interpreterRuntime.cpp, line 366]

Events (10 events):
Event: 383.215 Thread 0x000000001d72b800 DEOPT UNPACKING pc=0x0000000004bc747f sp=0x000000002586bb30 mode 1
Event: 383.216 Thread 0x000000001ed1c800 Thread added: 0x000000001ed1c800
Event: 383.216 Thread 0x000000001d72b800 DEOPT PACKING pc=0x0000000004cc8844 sp=0x000000002586bf30
Event: 383.216 Thread 0x000000001d72b800 DEOPT UNPACKING pc=0x0000000004bc747f sp=0x000000002586bc60 mode 1
Event: 383.218 Thread 0x000000001d72b800 DEOPT PACKING pc=0x0000000004cc8844 sp=0x000000002586b620
Event: 383.218 Thread 0x000000001d72b800 DEOPT UNPACKING pc=0x0000000004bc747f sp=0x000000002586b350 mode 1
Event: 383.236 Thread 0x000000001d72b800 DEOPT PACKING pc=0x0000000004cc8844 sp=0x000000002586b490
Event: 383.236 Thread 0x000000001d72b800 DEOPT UNPACKING pc=0x0000000004bc747f sp=0x000000002586b1c0 mode 1
Event: 383.236 Thread 0x000000001d72b800 DEOPT PACKING pc=0x0000000004cc8844 sp=0x000000002586b480
Event: 383.236 Thread 0x000000001d72b800 DEOPT UNPACKING pc=0x0000000004bc747f sp=0x000000002586b1b0 mode 1


Dynamic libraries:
0x00007ff681a30000 - 0x00007ff681a67000 	C:\Program Files\Java\jdk1.8.0_112\bin\java.exe
0x00007ff871d10000 - 0x00007ff871ef0000 	C:\WINDOWS\SYSTEM32\ntdll.dll
0x00007ff870860000 - 0x00007ff87090e000 	C:\WINDOWS\System32\KERNEL32.DLL
0x00007ff86e1e0000 - 0x00007ff86e446000 	C:\WINDOWS\System32\KERNELBASE.dll
0x00007ff871100000 - 0x00007ff8711a1000 	C:\WINDOWS\System32\ADVAPI32.dll
0x00007ff870ef0000 - 0x00007ff870f8d000 	C:\WINDOWS\System32\msvcrt.dll
0x00007ff870660000 - 0x00007ff8706bb000 	C:\WINDOWS\System32\sechost.dll
0x00007ff8716a0000 - 0x00007ff8717bf000 	C:\WINDOWS\System32\RPCRT4.dll
0x00007ff8706c0000 - 0x00007ff87084f000 	C:\WINDOWS\System32\USER32.dll
0x00007ff86f0b0000 - 0x00007ff86f0d0000 	C:\WINDOWS\System32\win32u.dll
0x00007ff870f90000 - 0x00007ff870fb8000 	C:\WINDOWS\System32\GDI32.dll
0x00007ff86eba0000 - 0x00007ff86ed33000 	C:\WINDOWS\System32\gdi32full.dll
0x00007ff86f010000 - 0x00007ff86f0ab000 	C:\WINDOWS\System32\msvcp_win.dll
0x00007ff86ef10000 - 0x00007ff86f006000 	C:\WINDOWS\System32\ucrtbase.dll
0x00007ff864bc0000 - 0x00007ff864e29000 	C:\WINDOWS\WinSxS\amd64_microsoft.windows.common-controls_6595b64144ccf1df_6.0.16299.309_none_15cfd4c4935e6b11\COMCTL32.dll
0x00007ff870a90000 - 0x00007ff870d98000 	C:\WINDOWS\System32\combase.dll
0x00007ff86e110000 - 0x00007ff86e182000 	C:\WINDOWS\System32\bcryptPrimitives.dll
0x00007ff86f1f0000 - 0x00007ff86f21d000 	C:\WINDOWS\System32\IMM32.DLL
0x0000000065320000 - 0x00000000653f2000 	C:\Program Files\Java\jdk1.8.0_112\jre\bin\msvcr100.dll
0x0000000064a80000 - 0x000000006531a000 	C:\Program Files\Java\jdk1.8.0_112\jre\bin\server\jvm.dll
0x00007ff86f1e0000 - 0x00007ff86f1e8000 	C:\WINDOWS\System32\PSAPI.DLL
0x00007ff8684a0000 - 0x00007ff8684aa000 	C:\WINDOWS\SYSTEM32\VERSION.dll
0x00007ff85f460000 - 0x00007ff85f469000 	C:\WINDOWS\SYSTEM32\WSOCK32.dll
0x00007ff871630000 - 0x00007ff87169c000 	C:\WINDOWS\System32\WS2_32.dll
0x00007ff86bcf0000 - 0x00007ff86bd13000 	C:\WINDOWS\SYSTEM32\WINMM.dll
0x00007ff86bcc0000 - 0x00007ff86bcea000 	C:\WINDOWS\SYSTEM32\WINMMBASE.dll
0x00007ff86e190000 - 0x00007ff86e1da000 	C:\WINDOWS\System32\cfgmgr32.dll
0x00000000660a0000 - 0x00000000660af000 	C:\Program Files\Java\jdk1.8.0_112\jre\bin\verify.dll
0x0000000066070000 - 0x0000000066099000 	C:\Program Files\Java\jdk1.8.0_112\jre\bin\java.dll
0x0000000066030000 - 0x0000000066065000 	C:\Program Files\Java\jdk1.8.0_112\jre\bin\jdwp.dll
0x0000000066020000 - 0x0000000066028000 	C:\Program Files\Java\jdk1.8.0_112\jre\bin\npt.dll
0x00000000649f0000 - 0x0000000064a13000 	C:\Program Files\Java\jdk1.8.0_112\jre\bin\instrument.dll
0x0000000064a60000 - 0x0000000064a76000 	C:\Program Files\Java\jdk1.8.0_112\jre\bin\zip.dll
0x00007ff86f220000 - 0x00007ff870656000 	C:\WINDOWS\System32\SHELL32.dll
0x00007ff870910000 - 0x00007ff8709b6000 	C:\WINDOWS\System32\shcore.dll
0x00007ff86e450000 - 0x00007ff86eb97000 	C:\WINDOWS\System32\windows.storage.dll
0x00007ff870fc0000 - 0x00007ff871011000 	C:\WINDOWS\System32\shlwapi.dll
0x00007ff86e0f0000 - 0x00007ff86e101000 	C:\WINDOWS\System32\kernel.appcore.dll
0x00007ff86e080000 - 0x00007ff86e0cc000 	C:\WINDOWS\System32\powrprof.dll
0x00007ff86e0d0000 - 0x00007ff86e0eb000 	C:\WINDOWS\System32\profapi.dll
0x0000000066010000 - 0x0000000066019000 	C:\Program Files\Java\jdk1.8.0_112\jre\bin\dt_socket.dll
0x00007ff86d890000 - 0x00007ff86d8f6000 	C:\WINDOWS\system32\mswsock.dll
0x0000000064a40000 - 0x0000000064a5a000 	C:\Program Files\Java\jdk1.8.0_112\jre\bin\net.dll
0x0000000064a20000 - 0x0000000064a31000 	C:\Program Files\Java\jdk1.8.0_112\jre\bin\nio.dll
0x00007ff86da50000 - 0x00007ff86da67000 	C:\WINDOWS\SYSTEM32\CRYPTSP.dll
0x00007ff86d490000 - 0x00007ff86d4c3000 	C:\WINDOWS\system32\rsaenh.dll
0x00007ff86db60000 - 0x00007ff86db85000 	C:\WINDOWS\SYSTEM32\bcrypt.dll
0x00007ff86df90000 - 0x00007ff86dfb9000 	C:\WINDOWS\SYSTEM32\USERENV.dll
0x00007ff86da70000 - 0x00007ff86da7b000 	C:\WINDOWS\SYSTEM32\CRYPTBASE.dll
0x00007ff86d620000 - 0x00007ff86d659000 	C:\WINDOWS\SYSTEM32\IPHLPAPI.DLL
0x00007ff8711b0000 - 0x00007ff8711b8000 	C:\WINDOWS\System32\NSI.dll
0x00007ff866d30000 - 0x00007ff866d46000 	C:\WINDOWS\SYSTEM32\dhcpcsvc6.DLL
0x00007ff8672b0000 - 0x00007ff8672ca000 	C:\WINDOWS\SYSTEM32\dhcpcsvc.DLL
0x00007ff86aa90000 - 0x00007ff86aa9a000 	C:\Users\Arsenii\AppData\Local\Temp\jansi-64-1-3961738959060532380.11
0x00007ff85a770000 - 0x00007ff85a786000 	C:\WINDOWS\system32\napinsp.dll
0x00007ff86a390000 - 0x00007ff86a3aa000 	C:\WINDOWS\system32\pnrpnsp.dll
0x00007ff86a750000 - 0x00007ff86a768000 	C:\WINDOWS\system32\NLAapi.dll
0x00007ff86d660000 - 0x00007ff86d716000 	C:\WINDOWS\SYSTEM32\DNSAPI.dll
0x00007ff86a380000 - 0x00007ff86a38e000 	C:\WINDOWS\System32\winrnr.dll
0x0000000067ac0000 - 0x0000000067ae6000 	C:\Program Files\Bonjour\mdnsNSP.dll
0x00007ff85a790000 - 0x00007ff85a7a5000 	C:\WINDOWS\System32\wshbth.dll
0x00007ff865790000 - 0x00007ff86579a000 	C:\Windows\System32\rasadhlp.dll
0x00007ff865a50000 - 0x00007ff865ac0000 	C:\WINDOWS\System32\fwpuclnt.dll
0x0000000064850000 - 0x00000000649e8000 	C:\Program Files\Java\jdk1.8.0_112\jre\bin\awt.dll
0x00007ff8709c0000 - 0x00007ff870a85000 	C:\WINDOWS\System32\OLEAUT32.dll
0x00007ff86c3b0000 - 0x00007ff86c438000 	C:\WINDOWS\SYSTEM32\apphelp.dll
0x00007ff86c690000 - 0x00007ff86c725000 	C:\WINDOWS\system32\uxtheme.dll
0x00007ff8717c0000 - 0x00007ff871927000 	C:\WINDOWS\System32\MSCTF.dll
0x00007ff86c900000 - 0x00007ff86c92a000 	C:\WINDOWS\system32\dwmapi.dll
0x00007ff870da0000 - 0x00007ff870ee9000 	C:\WINDOWS\System32\ole32.dll
0x00007ff864590000 - 0x00007ff8646ae000 	C:\WINDOWS\system32\opengl32.dll
0x00007ff86aea0000 - 0x00007ff86aecc000 	C:\WINDOWS\SYSTEM32\GLU32.dll
0x00007ff843350000 - 0x00007ff8434e5000 	C:\WINDOWS\system32\d3d9.dll
0x00007ff8684b0000 - 0x00007ff868621000 	C:\WINDOWS\SYSTEM32\aticfx64.dll
0x00007ff865d50000 - 0x00007ff865d71000 	C:\WINDOWS\SYSTEM32\atiu9p64.dll
0x00007ff829d80000 - 0x00007ff82a7ff000 	C:\WINDOWS\SYSTEM32\atiumd64.dll
0x0000000063fa0000 - 0x0000000064844000 	C:\WINDOWS\SYSTEM32\atiumd6a.dll
0x0000000063f50000 - 0x0000000063f97000 	C:\Program Files\Java\jdk1.8.0_112\jre\bin\fontmanager.dll
0x00007ff85a1a0000 - 0x00007ff85a237000 	C:\WINDOWS\SYSTEM32\mscms.dll
0x00007ff865c00000 - 0x00007ff865c41000 	C:\WINDOWS\SYSTEM32\icm32.dll
0x00007ff86ac80000 - 0x00007ff86ae31000 	C:\WINDOWS\SYSTEM32\PROPSYS.dll
0x00007ff871a40000 - 0x00007ff871ade000 	C:\WINDOWS\System32\clbcatq.dll
0x00007ff868e70000 - 0x00007ff869464000 	C:\Windows\System32\OneCoreUAPCommonProxyStub.dll
0x00007ff862370000 - 0x00007ff86253c000 	C:\WINDOWS\SYSTEM32\urlmon.dll
0x00007ff871610000 - 0x00007ff87162d000 	C:\WINDOWS\System32\imagehlp.dll
0x00007ff862900000 - 0x00007ff862b99000 	C:\WINDOWS\SYSTEM32\iertutil.dll
0x00007ff86a310000 - 0x00007ff86a32b000 	C:\Windows\System32\Windows.Shell.ServiceHostBuilder.dll
0x00007ff854770000 - 0x00007ff8547b4000 	C:\WINDOWS\SYSTEM32\edputil.dll
0x00007ff868680000 - 0x00007ff86868c000 	C:\WINDOWS\SYSTEM32\Secur32.dll
0x00007ff86df60000 - 0x00007ff86df90000 	C:\WINDOWS\SYSTEM32\SSPICLI.DLL
0x00007ff859ed0000 - 0x00007ff859f0f000 	C:\WINDOWS\SYSTEM32\MLANG.dll
0x00007ff8598f0000 - 0x00007ff859c24000 	C:\WINDOWS\SYSTEM32\WININET.dll
0x00007ff865510000 - 0x00007ff86554f000 	C:\Windows\System32\Windows.UI.AppDefaults.dll
0x00007ff86bd20000 - 0x00007ff86bd47000 	C:\WINDOWS\SYSTEM32\slc.dll
0x00007ff86b6d0000 - 0x00007ff86b6f6000 	C:\Windows\System32\sppc.dll

VM Arguments:
jvm_args: -agentlib:jdwp=transport=dt_socket,address=127.0.0.1:54707,suspend=y,server=n -Xms512M -Xmx1024M -Xss1M -XX:+CMSClassUnloadingEnabled -javaagent:C:\Users\Arsenii\.IdeaIC2017.3\system\captureAgent\debugger-agent.jar=C:\Users\Arsenii\AppData\Local\Temp\capture582.props -Dfile.encoding=windows-1251 
java_command: xsbt.boot.Boot run
java_class_path (initial): C:\Users\Arsenii\.IdeaIC2017.3\config\plugins\Scala\launcher\sbt-launch.jar;C:\Program Files\JetBrains\IntelliJ IDEA Community Edition 2017.3.1\lib\idea_rt.jar;C:\Users\Arsenii\.IdeaIC2017.3\system\captureAgent\debugger-agent.jar
Launcher Type: SUN_STANDARD

Environment Variables:
JAVA_HOME=C:\Program Files\Java\jdk1.8.0_112
CLASSPATH=C:\Program Files\Java\hsqldb-2.3.4\hsqldb-2.3.4\hsqldb\lib\hsqldb.jar
PATH=C:\csvn\bin\;C:\csvn\Python25\;C:\ProgramData\Oracle\Java\javapath;C:\WINDOWS\system32;C:\WINDOWS;C:\WINDOWS\System32\Wbem;C:\WINDOWS\System32\WindowsPowerShell\v1.0\;C:\Program Files\Java\jdk1.8.0_112\bin;C:\Program Files\Git\cmd;C:\Program Files (x86)\pgmodeler;C:\Program Files\TortoiseSVN\bin;C:\Program Files (x86)\Skype\Phone\;C:\MATLAB7\bin\win32;C:\Program Files (x86)\sbt\bin;C:\Users\Arsenii\AppData\Local\Microsoft\WindowsApps
USERNAME=Arsenii
OS=Windows_NT
PROCESSOR_IDENTIFIER=AMD64 Family 22 Model 48 Stepping 1, AuthenticAMD



---------------  S Y S T E M  ---------------

OS: Windows 10.0 , 64 bit Build 16299 (10.0.16299.15)

CPU:total 4 (4 cores per cpu, 1 threads per core) family 22 model 48 stepping 1, cmov, cx8, fxsr, mmx, sse, sse2, sse3, ssse3, sse4.1, sse4.2, popcnt, avx, aes, clmul, mmxext, 3dnowpref, lzcnt, sse4a, tsc, tscinvbit, tscinv, bmi1

Memory: 4k page, physical 7283720k(1080288k free), swap 9380872k(5496k free)

vm_info: Java HotSpot(TM) 64-Bit Server VM (25.112-b15) for windows-amd64 JRE (1.8.0_112-b15), built on Sep 22 2016 21:31:56 by "java_re" with MS VC++ 10.0 (VS2010)

time: Sat Mar 24 21:03:59 2018
elapsed time: 383 seconds (0d 0h 6m 23s)

